  Application.cpp
C:\Users\Eric\OneDrive\Documentos\GitHub\Racing-Car\Racing car\Application.cpp(76,22): warning C4244: 'inicializando': conversión de 'int' a 'float'; posible pérdida de datos
C:\Users\Eric\OneDrive\Documentos\GitHub\Racing-Car\Racing car\Application.cpp(83,13): warning C4244: 'argumento': conversión de 'float' a 'Uint32'; posible pérdida de datos
  Main.cpp
  ModuleAudio.cpp
  ModuleCamera3D.cpp
  ModuleInput.cpp
  ModulePhysics3D.cpp
C:\Users\Eric\OneDrive\Documentos\GitHub\Racing-Car\Racing car\ModulePhysics3D.cpp(212,42): warning C4316: 'PhysBody3D': puede que el objeto asignado en el montón no esté alineado 16
C:\Users\Eric\OneDrive\Documentos\GitHub\Racing-Car\Racing car\ModulePhysics3D.cpp(240,42): warning C4316: 'PhysBody3D': puede que el objeto asignado en el montón no esté alineado 16
C:\Users\Eric\OneDrive\Documentos\GitHub\Racing-Car\Racing car\ModulePhysics3D.cpp(267,42): warning C4316: 'PhysBody3D': puede que el objeto asignado en el montón no esté alineado 16
C:\Users\Eric\OneDrive\Documentos\GitHub\Racing-Car\Racing car\ModulePhysics3D.cpp(328,66): warning C4316: 'PhysVehicle3D': puede que el objeto asignado en el montón no esté alineado 16
  ModulePlayer.cpp
C:\Users\Eric\OneDrive\Documentos\GitHub\Racing-Car\Racing car\ModulePlayer.cpp(25,35): warning C4305: 'argumento': truncamiento de 'double' a 'float'
C:\Users\Eric\OneDrive\Documentos\GitHub\Racing-Car\Racing car\ModulePlayer.cpp(27,33): warning C4305: 'argumento': truncamiento de 'double' a 'float'
C:\Users\Eric\OneDrive\Documentos\GitHub\Racing-Car\Racing car\ModulePlayer.cpp(28,33): warning C4305: 'argumento': truncamiento de 'double' a 'float'
C:\Users\Eric\OneDrive\Documentos\GitHub\Racing-Car\Racing car\ModulePlayer.cpp(29,33): warning C4305: 'argumento': truncamiento de 'double' a 'float'
C:\Users\Eric\OneDrive\Documentos\GitHub\Racing-Car\Racing car\ModulePlayer.cpp(30,33): warning C4305: 'argumento': truncamiento de 'double' a 'float'
C:\Users\Eric\OneDrive\Documentos\GitHub\Racing-Car\Racing car\ModulePlayer.cpp(31,35): warning C4305: 'argumento': truncamiento de 'double' a 'float'
C:\Users\Eric\OneDrive\Documentos\GitHub\Racing-Car\Racing car\ModulePlayer.cpp(33,34): warning C4305: 'argumento': truncamiento de 'double' a 'float'
C:\Users\Eric\OneDrive\Documentos\GitHub\Racing-Car\Racing car\ModulePlayer.cpp(36,36): warning C4305: 'argumento': truncamiento de 'double' a 'float'
C:\Users\Eric\OneDrive\Documentos\GitHub\Racing-Car\Racing car\ModulePlayer.cpp(37,35): warning C4305: 'argumento': truncamiento de 'double' a 'float'
C:\Users\Eric\OneDrive\Documentos\GitHub\Racing-Car\Racing car\ModulePlayer.cpp(38,36): warning C4305: 'argumento': truncamiento de 'double' a 'float'
C:\Users\Eric\OneDrive\Documentos\GitHub\Racing-Car\Racing car\ModulePlayer.cpp(39,37): warning C4305: 'argumento': truncamiento de 'double' a 'float'
C:\Users\Eric\OneDrive\Documentos\GitHub\Racing-Car\Racing car\ModulePlayer.cpp(41,38): warning C4305: 'argumento': truncamiento de 'double' a 'float'
C:\Users\Eric\OneDrive\Documentos\GitHub\Racing-Car\Racing car\ModulePlayer.cpp(42,41): warning C4305: 'argumento': truncamiento de 'double' a 'float'
C:\Users\Eric\OneDrive\Documentos\GitHub\Racing-Car\Racing car\ModulePlayer.cpp(43,42): warning C4305: 'argumento': truncamiento de 'double' a 'float'
C:\Users\Eric\OneDrive\Documentos\GitHub\Racing-Car\Racing car\ModulePlayer.cpp(44,38): warning C4305: 'argumento': truncamiento de 'double' a 'float'
C:\Users\Eric\OneDrive\Documentos\GitHub\Racing-Car\Racing car\ModulePlayer.cpp(45,37): warning C4305: 'argumento': truncamiento de 'double' a 'float'
C:\Users\Eric\OneDrive\Documentos\GitHub\Racing-Car\Racing car\ModulePlayer.cpp(337,49): warning C4244: '=': conversión de 'double' a 'float'; posible pérdida de datos
C:\Users\Eric\OneDrive\Documentos\GitHub\Racing-Car\Racing car\ModulePlayer.cpp(385,50): warning C4244: '=': conversión de 'double' a 'float'; posible pérdida de datos
C:\Users\Eric\OneDrive\Documentos\GitHub\Racing-Car\Racing car\ModulePlayer.cpp(416,48): warning C4244: '=': conversión de 'double' a 'float'; posible pérdida de datos
C:\Users\Eric\OneDrive\Documentos\GitHub\Racing-Car\Racing car\ModulePlayer.cpp(488,16): warning C4244: 'inicializando': conversión de 'float' a 'int'; posible pérdida de datos
C:\Users\Eric\OneDrive\Documentos\GitHub\Racing-Car\Racing car\ModulePlayer.cpp(489,12): warning C4244: 'inicializando': conversión de 'double' a 'float'; posible pérdida de datos
  ModuleRenderer3D.cpp
  ModuleSceneIntro.cpp
C:\Users\Eric\OneDrive\Documentos\GitHub\Racing-Car\Racing car\ModuleSceneIntro.cpp(64,20): warning C4018: '<': no coinciden signed/unsigned
  ModuleWindow.cpp
  PhysVehicle3D.cpp
C:\Users\Eric\OneDrive\Documentos\GitHub\Racing-Car\Racing car\PhysVehicle3D.cpp(215,12): warning C4244: 'argumento': conversión de 'float' a 'int'; posible pérdida de datos
C:\Users\Eric\OneDrive\Documentos\GitHub\Racing-Car\Racing car\PhysVehicle3D.cpp(219,12): warning C4244: '=': conversión de 'double' a 'float'; posible pérdida de datos
C:\Users\Eric\OneDrive\Documentos\GitHub\Racing-Car\Racing car\PhysVehicle3D.cpp(220,9): warning C4244: '=': conversión de 'double' a 'float'; posible pérdida de datos
C:\Users\Eric\OneDrive\Documentos\GitHub\Racing-Car\Racing car\PhysVehicle3D.cpp(222,12): warning C4244: '=': conversión de 'double' a 'float'; posible pérdida de datos
C:\Users\Eric\OneDrive\Documentos\GitHub\Racing-Car\Racing car\PhysVehicle3D.cpp(223,13): warning C4244: '=': conversión de 'double' a 'float'; posible pérdida de datos
C:\Users\Eric\OneDrive\Documentos\GitHub\Racing-Car\Racing car\PhysVehicle3D.cpp(234,12): warning C4244: 'argumento': conversión de 'float' a 'int'; posible pérdida de datos
C:\Users\Eric\OneDrive\Documentos\GitHub\Racing-Car\Racing car\PhysVehicle3D.cpp(238,12): warning C4244: '=': conversión de 'double' a 'float'; posible pérdida de datos
C:\Users\Eric\OneDrive\Documentos\GitHub\Racing-Car\Racing car\PhysVehicle3D.cpp(239,9): warning C4244: '=': conversión de 'double' a 'float'; posible pérdida de datos
C:\Users\Eric\OneDrive\Documentos\GitHub\Racing-Car\Racing car\PhysVehicle3D.cpp(241,12): warning C4244: '=': conversión de 'double' a 'float'; posible pérdida de datos
C:\Users\Eric\OneDrive\Documentos\GitHub\Racing-Car\Racing car\PhysVehicle3D.cpp(242,13): warning C4244: '=': conversión de 'double' a 'float'; posible pérdida de datos
  Generando código...
  3D Physics.vcxproj -> C:\Users\Eric\OneDrive\Documentos\GitHub\Racing-Car\Racing car\Debug\3D Physics - class5.exe
