  ModulePlayer.cpp
C:\Users\Eric\OneDrive\Documentos\GitHub\Racing-Car\Racing car\ModulePlayer.cpp(29,35): warning C4305: 'argumento': truncamiento de 'double' a 'float'
C:\Users\Eric\OneDrive\Documentos\GitHub\Racing-Car\Racing car\ModulePlayer.cpp(31,33): warning C4305: 'argumento': truncamiento de 'double' a 'float'
C:\Users\Eric\OneDrive\Documentos\GitHub\Racing-Car\Racing car\ModulePlayer.cpp(32,33): warning C4305: 'argumento': truncamiento de 'double' a 'float'
C:\Users\Eric\OneDrive\Documentos\GitHub\Racing-Car\Racing car\ModulePlayer.cpp(33,33): warning C4305: 'argumento': truncamiento de 'double' a 'float'
C:\Users\Eric\OneDrive\Documentos\GitHub\Racing-Car\Racing car\ModulePlayer.cpp(34,33): warning C4305: 'argumento': truncamiento de 'double' a 'float'
C:\Users\Eric\OneDrive\Documentos\GitHub\Racing-Car\Racing car\ModulePlayer.cpp(35,35): warning C4305: 'argumento': truncamiento de 'double' a 'float'
C:\Users\Eric\OneDrive\Documentos\GitHub\Racing-Car\Racing car\ModulePlayer.cpp(37,34): warning C4305: 'argumento': truncamiento de 'double' a 'float'
C:\Users\Eric\OneDrive\Documentos\GitHub\Racing-Car\Racing car\ModulePlayer.cpp(40,36): warning C4305: 'argumento': truncamiento de 'double' a 'float'
C:\Users\Eric\OneDrive\Documentos\GitHub\Racing-Car\Racing car\ModulePlayer.cpp(41,35): warning C4305: 'argumento': truncamiento de 'double' a 'float'
C:\Users\Eric\OneDrive\Documentos\GitHub\Racing-Car\Racing car\ModulePlayer.cpp(42,36): warning C4305: 'argumento': truncamiento de 'double' a 'float'
C:\Users\Eric\OneDrive\Documentos\GitHub\Racing-Car\Racing car\ModulePlayer.cpp(43,37): warning C4305: 'argumento': truncamiento de 'double' a 'float'
C:\Users\Eric\OneDrive\Documentos\GitHub\Racing-Car\Racing car\ModulePlayer.cpp(45,38): warning C4305: 'argumento': truncamiento de 'double' a 'float'
C:\Users\Eric\OneDrive\Documentos\GitHub\Racing-Car\Racing car\ModulePlayer.cpp(46,41): warning C4305: 'argumento': truncamiento de 'double' a 'float'
C:\Users\Eric\OneDrive\Documentos\GitHub\Racing-Car\Racing car\ModulePlayer.cpp(47,42): warning C4305: 'argumento': truncamiento de 'double' a 'float'
C:\Users\Eric\OneDrive\Documentos\GitHub\Racing-Car\Racing car\ModulePlayer.cpp(48,38): warning C4305: 'argumento': truncamiento de 'double' a 'float'
C:\Users\Eric\OneDrive\Documentos\GitHub\Racing-Car\Racing car\ModulePlayer.cpp(49,37): warning C4305: 'argumento': truncamiento de 'double' a 'float'
C:\Users\Eric\OneDrive\Documentos\GitHub\Racing-Car\Racing car\ModulePlayer.cpp(397,52): warning C4244: '=': conversión de 'double' a 'float'; posible pérdida de datos
C:\Users\Eric\OneDrive\Documentos\GitHub\Racing-Car\Racing car\ModulePlayer.cpp(401,51): warning C4244: '=': conversión de 'double' a 'float'; posible pérdida de datos
C:\Users\Eric\OneDrive\Documentos\GitHub\Racing-Car\Racing car\ModulePlayer.cpp(436,51): warning C4244: '=': conversión de 'double' a 'float'; posible pérdida de datos
C:\Users\Eric\OneDrive\Documentos\GitHub\Racing-Car\Racing car\ModulePlayer.cpp(440,45): warning C4244: '=': conversión de 'double' a 'float'; posible pérdida de datos
C:\Users\Eric\OneDrive\Documentos\GitHub\Racing-Car\Racing car\ModulePlayer.cpp(457,51): warning C4244: '=': conversión de 'double' a 'float'; posible pérdida de datos
C:\Users\Eric\OneDrive\Documentos\GitHub\Racing-Car\Racing car\ModulePlayer.cpp(488,49): warning C4244: '=': conversión de 'double' a 'float'; posible pérdida de datos
C:\Users\Eric\OneDrive\Documentos\GitHub\Racing-Car\Racing car\ModulePlayer.cpp(561,17): warning C4244: 'inicializando': conversión de 'float' a 'int'; posible pérdida de datos
C:\Users\Eric\OneDrive\Documentos\GitHub\Racing-Car\Racing car\ModulePlayer.cpp(562,14): warning C4244: 'inicializando': conversión de 'double' a 'float'; posible pérdida de datos
C:\Users\Eric\OneDrive\Documentos\GitHub\Racing-Car\Racing car\ModulePlayer.cpp(563,14): warning C4244: 'inicializando': conversión de 'double' a 'float'; posible pérdida de datos
C:\Users\Eric\OneDrive\Documentos\GitHub\Racing-Car\Racing car\ModulePlayer.cpp(564,19): warning C4244: 'inicializando': conversión de 'int' a 'float'; posible pérdida de datos
C:\Users\Eric\OneDrive\Documentos\GitHub\Racing-Car\Racing car\ModulePlayer.cpp(576,12): warning C4244: 'inicializando': conversión de 'const btScalar' a 'int'; posible pérdida de datos
C:\Users\Eric\OneDrive\Documentos\GitHub\Racing-Car\Racing car\ModulePlayer.cpp(577,12): warning C4244: 'inicializando': conversión de 'const btScalar' a 'int'; posible pérdida de datos
C:\Users\Eric\OneDrive\Documentos\GitHub\Racing-Car\Racing car\ModulePlayer.cpp(578,12): warning C4244: 'inicializando': conversión de 'const btScalar' a 'int'; posible pérdida de datos
  Generando código
  2 of 462 functions ( 0.4%) were compiled, the rest were copied from previous compilation.
    0 functions were new in current compilation
    1 functions had inline decision re-evaluated but remain unchanged
  Generación de código finalizada
  3D Physics.vcxproj -> C:\Users\Eric\OneDrive\Documentos\GitHub\Racing-Car\Racing car\Release\3D Physics - class5.exe
